Performing C SOURCE FILE Test HAVE_GCC_PREFERRED_STACK_BOUNDARY failed with the following output:
Change Dir: /home/chris/files/cpp/sdl2_reference/build/CMakeFiles/CMakeTmp

Run Build Command(s):/usr/bin/make cmTC_84042/fast && /usr/bin/make -f CMakeFiles/cmTC_84042.dir/build.make CMakeFiles/cmTC_84042.dir/build
make[1]: Entering directory '/home/chris/files/cpp/sdl2_reference/build/CMakeFiles/CMakeTmp'
Building C object CMakeFiles/cmTC_84042.dir/src.c.o
/usr/bin/cc   -g -O3 -idirafter "/home/chris/files/cpp/sdl2_reference/vendor/sdl/src/video/khronos" -DHAVE_GCC_PREFERRED_STACK_BOUNDARY -mpreferred-stack-boundary=2   -o CMakeFiles/cmTC_84042.dir/src.c.o   -c /home/chris/files/cpp/sdl2_reference/build/CMakeFiles/CMakeTmp/src.c
cc1: error: ‘-mpreferred-stack-boundary=2’ is not between 3 and 12
make[1]: *** [CMakeFiles/cmTC_84042.dir/build.make:66: CMakeFiles/cmTC_84042.dir/src.c.o] Error 1
make[1]: Leaving directory '/home/chris/files/cpp/sdl2_reference/build/CMakeFiles/CMakeTmp'
make: *** [Makefile:121: cmTC_84042/fast] Error 2


Source file was:
int x = 0; int main(int argc, char **argv) {}
Performing C SOURCE FILE Test HAVE_ALTIVEC_H_HDR failed with the following output:
Change Dir: /home/chris/files/cpp/sdl2_reference/build/CMakeFiles/CMakeTmp

Run Build Command(s):/usr/bin/make cmTC_8698b/fast && /usr/bin/make -f CMakeFiles/cmTC_8698b.dir/build.make CMakeFiles/cmTC_8698b.dir/build
make[1]: Entering directory '/home/chris/files/cpp/sdl2_reference/build/CMakeFiles/CMakeTmp'
Building C object CMakeFiles/cmTC_8698b.dir/src.c.o
/usr/bin/cc   -g -O3 -idirafter "/home/chris/files/cpp/sdl2_reference/vendor/sdl/src/video/khronos" -DHAVE_ALTIVEC_H_HDR -maltivec   -o CMakeFiles/cmTC_8698b.dir/src.c.o   -c /home/chris/files/cpp/sdl2_reference/build/CMakeFiles/CMakeTmp/src.c
cc: error: unrecognized command line option ‘-maltivec’
make[1]: *** [CMakeFiles/cmTC_8698b.dir/build.make:66: CMakeFiles/cmTC_8698b.dir/src.c.o] Error 1
make[1]: Leaving directory '/home/chris/files/cpp/sdl2_reference/build/CMakeFiles/CMakeTmp'
make: *** [Makefile:121: cmTC_8698b/fast] Error 2


Source file was:

          #include <altivec.h>
          vector unsigned int vzero() {
              return vec_splat_u32(0);
          }
          int main(int argc, char **argv) { }
Performing C SOURCE FILE Test HAVE_ALTIVEC failed with the following output:
Change Dir: /home/chris/files/cpp/sdl2_reference/build/CMakeFiles/CMakeTmp

Run Build Command(s):/usr/bin/make cmTC_de04e/fast && /usr/bin/make -f CMakeFiles/cmTC_de04e.dir/build.make CMakeFiles/cmTC_de04e.dir/build
make[1]: Entering directory '/home/chris/files/cpp/sdl2_reference/build/CMakeFiles/CMakeTmp'
Building C object CMakeFiles/cmTC_de04e.dir/src.c.o
/usr/bin/cc   -g -O3 -idirafter "/home/chris/files/cpp/sdl2_reference/vendor/sdl/src/video/khronos" -DHAVE_ALTIVEC -maltivec   -o CMakeFiles/cmTC_de04e.dir/src.c.o   -c /home/chris/files/cpp/sdl2_reference/build/CMakeFiles/CMakeTmp/src.c
cc: error: unrecognized command line option ‘-maltivec’
make[1]: *** [CMakeFiles/cmTC_de04e.dir/build.make:66: CMakeFiles/cmTC_de04e.dir/src.c.o] Error 1
make[1]: Leaving directory '/home/chris/files/cpp/sdl2_reference/build/CMakeFiles/CMakeTmp'
make: *** [Makefile:121: cmTC_de04e/fast] Error 2


Source file was:

          vector unsigned int vzero() {
              return vec_splat_u32(0);
          }
          int main(int argc, char **argv) { }
Determining if the include file libunwind.h exists failed with the following output:
Change Dir: /home/chris/files/cpp/sdl2_reference/build/CMakeFiles/CMakeTmp

Run Build Command(s):/usr/bin/make cmTC_04feb/fast && /usr/bin/make -f CMakeFiles/cmTC_04feb.dir/build.make CMakeFiles/cmTC_04feb.dir/build
make[1]: Entering directory '/home/chris/files/cpp/sdl2_reference/build/CMakeFiles/CMakeTmp'
Building C object CMakeFiles/cmTC_04feb.dir/CheckIncludeFile.c.o
/usr/bin/cc   -g -O3 -idirafter "/home/chris/files/cpp/sdl2_reference/vendor/sdl/src/video/khronos"    -o CMakeFiles/cmTC_04feb.dir/CheckIncludeFile.c.o   -c /home/chris/files/cpp/sdl2_reference/build/CMakeFiles/CMakeTmp/CheckIncludeFile.c
/home/chris/files/cpp/sdl2_reference/build/CMakeFiles/CMakeTmp/CheckIncludeFile.c:1:10: fatal error: libunwind.h: No such file or directory
    1 | #include <libunwind.h>
      |          ^~~~~~~~~~~~~
compilation terminated.
make[1]: *** [CMakeFiles/cmTC_04feb.dir/build.make:66: CMakeFiles/cmTC_04feb.dir/CheckIncludeFile.c.o] Error 1
make[1]: Leaving directory '/home/chris/files/cpp/sdl2_reference/build/CMakeFiles/CMakeTmp'
make: *** [Makefile:121: cmTC_04feb/fast] Error 2



Determining if the strlcpy exist failed with the following output:
Change Dir: /home/chris/files/cpp/sdl2_reference/build/CMakeFiles/CMakeTmp

Run Build Command(s):/usr/bin/make cmTC_95382/fast && /usr/bin/make -f CMakeFiles/cmTC_95382.dir/build.make CMakeFiles/cmTC_95382.dir/build
make[1]: Entering directory '/home/chris/files/cpp/sdl2_reference/build/CMakeFiles/CMakeTmp'
Building C object CMakeFiles/cmTC_95382.dir/CheckSymbolExists.c.o
/usr/bin/cc   -g -O3 -idirafter "/home/chris/files/cpp/sdl2_reference/vendor/sdl/src/video/khronos"    -o CMakeFiles/cmTC_95382.dir/CheckSymbolExists.c.o   -c /home/chris/files/cpp/sdl2_reference/build/CMakeFiles/CMakeTmp/CheckSymbolExists.c
/home/chris/files/cpp/sdl2_reference/build/CMakeFiles/CMakeTmp/CheckSymbolExists.c: In function ‘main’:
/home/chris/files/cpp/sdl2_reference/build/CMakeFiles/CMakeTmp/CheckSymbolExists.c:14:19: error: ‘strlcpy’ undeclared (first use in this function); did you mean ‘strncpy’?
   14 |   return ((int*)(&strlcpy))[argc];
      |                   ^~~~~~~
      |                   strncpy
/home/chris/files/cpp/sdl2_reference/build/CMakeFiles/CMakeTmp/CheckSymbolExists.c:14:19: note: each undeclared identifier is reported only once for each function it appears in
make[1]: *** [CMakeFiles/cmTC_95382.dir/build.make:66: CMakeFiles/cmTC_95382.dir/CheckSymbolExists.c.o] Error 1
make[1]: Leaving directory '/home/chris/files/cpp/sdl2_reference/build/CMakeFiles/CMakeTmp'
make: *** [Makefile:121: cmTC_95382/fast] Error 2


File /home/chris/files/cpp/sdl2_reference/build/CMakeFiles/CMakeTmp/CheckSymbolExists.c:
/* */
#include <stddef.h>
#include <stdarg.h>
#include <stdlib.h>
#include <string.h>
#include <stdio.h>
#include <wchar.h>
#include <float.h>

int main(int argc, char** argv)
{
  (void)argv;
#ifndef strlcpy
  return ((int*)(&strlcpy))[argc];
#else
  (void)argc;
  return 0;
#endif
}
Determining if the strlcat exist failed with the following output:
Change Dir: /home/chris/files/cpp/sdl2_reference/build/CMakeFiles/CMakeTmp

Run Build Command(s):/usr/bin/make cmTC_8e191/fast && /usr/bin/make -f CMakeFiles/cmTC_8e191.dir/build.make CMakeFiles/cmTC_8e191.dir/build
make[1]: Entering directory '/home/chris/files/cpp/sdl2_reference/build/CMakeFiles/CMakeTmp'
Building C object CMakeFiles/cmTC_8e191.dir/CheckSymbolExists.c.o
/usr/bin/cc   -g -O3 -idirafter "/home/chris/files/cpp/sdl2_reference/vendor/sdl/src/video/khronos"    -o CMakeFiles/cmTC_8e191.dir/CheckSymbolExists.c.o   -c /home/chris/files/cpp/sdl2_reference/build/CMakeFiles/CMakeTmp/CheckSymbolExists.c
/home/chris/files/cpp/sdl2_reference/build/CMakeFiles/CMakeTmp/CheckSymbolExists.c: In function ‘main’:
/home/chris/files/cpp/sdl2_reference/build/CMakeFiles/CMakeTmp/CheckSymbolExists.c:14:19: error: ‘strlcat’ undeclared (first use in this function); did you mean ‘strncat’?
   14 |   return ((int*)(&strlcat))[argc];
      |                   ^~~~~~~
      |                   strncat
/home/chris/files/cpp/sdl2_reference/build/CMakeFiles/CMakeTmp/CheckSymbolExists.c:14:19: note: each undeclared identifier is reported only once for each function it appears in
make[1]: *** [CMakeFiles/cmTC_8e191.dir/build.make:66: CMakeFiles/cmTC_8e191.dir/CheckSymbolExists.c.o] Error 1
make[1]: Leaving directory '/home/chris/files/cpp/sdl2_reference/build/CMakeFiles/CMakeTmp'
make: *** [Makefile:121: cmTC_8e191/fast] Error 2


File /home/chris/files/cpp/sdl2_reference/build/CMakeFiles/CMakeTmp/CheckSymbolExists.c:
/* */
#include <stddef.h>
#include <stdarg.h>
#include <stdlib.h>
#include <string.h>
#include <stdio.h>
#include <wchar.h>
#include <float.h>

int main(int argc, char** argv)
{
  (void)argv;
#ifndef strlcat
  return ((int*)(&strlcat))[argc];
#else
  (void)argc;
  return 0;
#endif
}
Determining if the _strrev exist failed with the following output:
Change Dir: /home/chris/files/cpp/sdl2_reference/build/CMakeFiles/CMakeTmp

Run Build Command(s):/usr/bin/make cmTC_b7c4a/fast && /usr/bin/make -f CMakeFiles/cmTC_b7c4a.dir/build.make CMakeFiles/cmTC_b7c4a.dir/build
make[1]: Entering directory '/home/chris/files/cpp/sdl2_reference/build/CMakeFiles/CMakeTmp'
Building C object CMakeFiles/cmTC_b7c4a.dir/CheckSymbolExists.c.o
/usr/bin/cc   -g -O3 -idirafter "/home/chris/files/cpp/sdl2_reference/vendor/sdl/src/video/khronos"    -o CMakeFiles/cmTC_b7c4a.dir/CheckSymbolExists.c.o   -c /home/chris/files/cpp/sdl2_reference/build/CMakeFiles/CMakeTmp/CheckSymbolExists.c
/home/chris/files/cpp/sdl2_reference/build/CMakeFiles/CMakeTmp/CheckSymbolExists.c: In function ‘main’:
/home/chris/files/cpp/sdl2_reference/build/CMakeFiles/CMakeTmp/CheckSymbolExists.c:14:19: error: ‘_strrev’ undeclared (first use in this function)
   14 |   return ((int*)(&_strrev))[argc];
      |                   ^~~~~~~
/home/chris/files/cpp/sdl2_reference/build/CMakeFiles/CMakeTmp/CheckSymbolExists.c:14:19: note: each undeclared identifier is reported only once for each function it appears in
make[1]: *** [CMakeFiles/cmTC_b7c4a.dir/build.make:66: CMakeFiles/cmTC_b7c4a.dir/CheckSymbolExists.c.o] Error 1
make[1]: Leaving directory '/home/chris/files/cpp/sdl2_reference/build/CMakeFiles/CMakeTmp'
make: *** [Makefile:121: cmTC_b7c4a/fast] Error 2


File /home/chris/files/cpp/sdl2_reference/build/CMakeFiles/CMakeTmp/CheckSymbolExists.c:
/* */
#include <stddef.h>
#include <stdarg.h>
#include <stdlib.h>
#include <string.h>
#include <stdio.h>
#include <wchar.h>
#include <float.h>

int main(int argc, char** argv)
{
  (void)argv;
#ifndef _strrev
  return ((int*)(&_strrev))[argc];
#else
  (void)argc;
  return 0;
#endif
}
Determining if the _strupr exist failed with the following output:
Change Dir: /home/chris/files/cpp/sdl2_reference/build/CMakeFiles/CMakeTmp

Run Build Command(s):/usr/bin/make cmTC_6f862/fast && /usr/bin/make -f CMakeFiles/cmTC_6f862.dir/build.make CMakeFiles/cmTC_6f862.dir/build
make[1]: Entering directory '/home/chris/files/cpp/sdl2_reference/build/CMakeFiles/CMakeTmp'
Building C object CMakeFiles/cmTC_6f862.dir/CheckSymbolExists.c.o
/usr/bin/cc   -g -O3 -idirafter "/home/chris/files/cpp/sdl2_reference/vendor/sdl/src/video/khronos"    -o CMakeFiles/cmTC_6f862.dir/CheckSymbolExists.c.o   -c /home/chris/files/cpp/sdl2_reference/build/CMakeFiles/CMakeTmp/CheckSymbolExists.c
/home/chris/files/cpp/sdl2_reference/build/CMakeFiles/CMakeTmp/CheckSymbolExists.c: In function ‘main’:
/home/chris/files/cpp/sdl2_reference/build/CMakeFiles/CMakeTmp/CheckSymbolExists.c:14:19: error: ‘_strupr’ undeclared (first use in this function)
   14 |   return ((int*)(&_strupr))[argc];
      |                   ^~~~~~~
/home/chris/files/cpp/sdl2_reference/build/CMakeFiles/CMakeTmp/CheckSymbolExists.c:14:19: note: each undeclared identifier is reported only once for each function it appears in
make[1]: *** [CMakeFiles/cmTC_6f862.dir/build.make:66: CMakeFiles/cmTC_6f862.dir/CheckSymbolExists.c.o] Error 1
make[1]: Leaving directory '/home/chris/files/cpp/sdl2_reference/build/CMakeFiles/CMakeTmp'
make: *** [Makefile:121: cmTC_6f862/fast] Error 2


File /home/chris/files/cpp/sdl2_reference/build/CMakeFiles/CMakeTmp/CheckSymbolExists.c:
/* */
#include <stddef.h>
#include <stdarg.h>
#include <stdlib.h>
#include <string.h>
#include <stdio.h>
#include <wchar.h>
#include <float.h>

int main(int argc, char** argv)
{
  (void)argv;
#ifndef _strupr
  return ((int*)(&_strupr))[argc];
#else
  (void)argc;
  return 0;
#endif
}
Determining if the _strlwr exist failed with the following output:
Change Dir: /home/chris/files/cpp/sdl2_reference/build/CMakeFiles/CMakeTmp

Run Build Command(s):/usr/bin/make cmTC_ff5c1/fast && /usr/bin/make -f CMakeFiles/cmTC_ff5c1.dir/build.make CMakeFiles/cmTC_ff5c1.dir/build
make[1]: Entering directory '/home/chris/files/cpp/sdl2_reference/build/CMakeFiles/CMakeTmp'
Building C object CMakeFiles/cmTC_ff5c1.dir/CheckSymbolExists.c.o
/usr/bin/cc   -g -O3 -idirafter "/home/chris/files/cpp/sdl2_reference/vendor/sdl/src/video/khronos"    -o CMakeFiles/cmTC_ff5c1.dir/CheckSymbolExists.c.o   -c /home/chris/files/cpp/sdl2_reference/build/CMakeFiles/CMakeTmp/CheckSymbolExists.c
/home/chris/files/cpp/sdl2_reference/build/CMakeFiles/CMakeTmp/CheckSymbolExists.c: In function ‘main’:
/home/chris/files/cpp/sdl2_reference/build/CMakeFiles/CMakeTmp/CheckSymbolExists.c:14:19: error: ‘_strlwr’ undeclared (first use in this function)
   14 |   return ((int*)(&_strlwr))[argc];
      |                   ^~~~~~~
/home/chris/files/cpp/sdl2_reference/build/CMakeFiles/CMakeTmp/CheckSymbolExists.c:14:19: note: each undeclared identifier is reported only once for each function it appears in
make[1]: *** [CMakeFiles/cmTC_ff5c1.dir/build.make:66: CMakeFiles/cmTC_ff5c1.dir/CheckSymbolExists.c.o] Error 1
make[1]: Leaving directory '/home/chris/files/cpp/sdl2_reference/build/CMakeFiles/CMakeTmp'
make: *** [Makefile:121: cmTC_ff5c1/fast] Error 2


File /home/chris/files/cpp/sdl2_reference/build/CMakeFiles/CMakeTmp/CheckSymbolExists.c:
/* */
#include <stddef.h>
#include <stdarg.h>
#include <stdlib.h>
#include <string.h>
#include <stdio.h>
#include <wchar.h>
#include <float.h>

int main(int argc, char** argv)
{
  (void)argv;
#ifndef _strlwr
  return ((int*)(&_strlwr))[argc];
#else
  (void)argc;
  return 0;
#endif
}
Determining if the itoa exist failed with the following output:
Change Dir: /home/chris/files/cpp/sdl2_reference/build/CMakeFiles/CMakeTmp

Run Build Command(s):/usr/bin/make cmTC_85371/fast && /usr/bin/make -f CMakeFiles/cmTC_85371.dir/build.make CMakeFiles/cmTC_85371.dir/build
make[1]: Entering directory '/home/chris/files/cpp/sdl2_reference/build/CMakeFiles/CMakeTmp'
Building C object CMakeFiles/cmTC_85371.dir/CheckSymbolExists.c.o
/usr/bin/cc   -g -O3 -idirafter "/home/chris/files/cpp/sdl2_reference/vendor/sdl/src/video/khronos"    -o CMakeFiles/cmTC_85371.dir/CheckSymbolExists.c.o   -c /home/chris/files/cpp/sdl2_reference/build/CMakeFiles/CMakeTmp/CheckSymbolExists.c
/home/chris/files/cpp/sdl2_reference/build/CMakeFiles/CMakeTmp/CheckSymbolExists.c: In function ‘main’:
/home/chris/files/cpp/sdl2_reference/build/CMakeFiles/CMakeTmp/CheckSymbolExists.c:14:19: error: ‘itoa’ undeclared (first use in this function)
   14 |   return ((int*)(&itoa))[argc];
      |                   ^~~~
/home/chris/files/cpp/sdl2_reference/build/CMakeFiles/CMakeTmp/CheckSymbolExists.c:14:19: note: each undeclared identifier is reported only once for each function it appears in
make[1]: *** [CMakeFiles/cmTC_85371.dir/build.make:66: CMakeFiles/cmTC_85371.dir/CheckSymbolExists.c.o] Error 1
make[1]: Leaving directory '/home/chris/files/cpp/sdl2_reference/build/CMakeFiles/CMakeTmp'
make: *** [Makefile:121: cmTC_85371/fast] Error 2


File /home/chris/files/cpp/sdl2_reference/build/CMakeFiles/CMakeTmp/CheckSymbolExists.c:
/* */
#include <stddef.h>
#include <stdarg.h>
#include <stdlib.h>
#include <string.h>
#include <stdio.h>
#include <wchar.h>
#include <float.h>

int main(int argc, char** argv)
{
  (void)argv;
#ifndef itoa
  return ((int*)(&itoa))[argc];
#else
  (void)argc;
  return 0;
#endif
}
Determining if the _ltoa exist failed with the following output:
Change Dir: /home/chris/files/cpp/sdl2_reference/build/CMakeFiles/CMakeTmp

Run Build Command(s):/usr/bin/make cmTC_b5078/fast && /usr/bin/make -f CMakeFiles/cmTC_b5078.dir/build.make CMakeFiles/cmTC_b5078.dir/build
make[1]: Entering directory '/home/chris/files/cpp/sdl2_reference/build/CMakeFiles/CMakeTmp'
Building C object CMakeFiles/cmTC_b5078.dir/CheckSymbolExists.c.o
/usr/bin/cc   -g -O3 -idirafter "/home/chris/files/cpp/sdl2_reference/vendor/sdl/src/video/khronos"    -o CMakeFiles/cmTC_b5078.dir/CheckSymbolExists.c.o   -c /home/chris/files/cpp/sdl2_reference/build/CMakeFiles/CMakeTmp/CheckSymbolExists.c
/home/chris/files/cpp/sdl2_reference/build/CMakeFiles/CMakeTmp/CheckSymbolExists.c: In function ‘main’:
/home/chris/files/cpp/sdl2_reference/build/CMakeFiles/CMakeTmp/CheckSymbolExists.c:14:19: error: ‘_ltoa’ undeclared (first use in this function)
   14 |   return ((int*)(&_ltoa))[argc];
      |                   ^~~~~
/home/chris/files/cpp/sdl2_reference/build/CMakeFiles/CMakeTmp/CheckSymbolExists.c:14:19: note: each undeclared identifier is reported only once for each function it appears in
make[1]: *** [CMakeFiles/cmTC_b5078.dir/build.make:66: CMakeFiles/cmTC_b5078.dir/CheckSymbolExists.c.o] Error 1
make[1]: Leaving directory '/home/chris/files/cpp/sdl2_reference/build/CMakeFiles/CMakeTmp'
make: *** [Makefile:121: cmTC_b5078/fast] Error 2


File /home/chris/files/cpp/sdl2_reference/build/CMakeFiles/CMakeTmp/CheckSymbolExists.c:
/* */
#include <stddef.h>
#include <stdarg.h>
#include <stdlib.h>
#include <string.h>
#include <stdio.h>
#include <wchar.h>
#include <float.h>

int main(int argc, char** argv)
{
  (void)argv;
#ifndef _ltoa
  return ((int*)(&_ltoa))[argc];
#else
  (void)argc;
  return 0;
#endif
}
Determining if the _uitoa exist failed with the following output:
Change Dir: /home/chris/files/cpp/sdl2_reference/build/CMakeFiles/CMakeTmp

Run Build Command(s):/usr/bin/make cmTC_b10d1/fast && /usr/bin/make -f CMakeFiles/cmTC_b10d1.dir/build.make CMakeFiles/cmTC_b10d1.dir/build
make[1]: Entering directory '/home/chris/files/cpp/sdl2_reference/build/CMakeFiles/CMakeTmp'
Building C object CMakeFiles/cmTC_b10d1.dir/CheckSymbolExists.c.o
/usr/bin/cc   -g -O3 -idirafter "/home/chris/files/cpp/sdl2_reference/vendor/sdl/src/video/khronos"    -o CMakeFiles/cmTC_b10d1.dir/CheckSymbolExists.c.o   -c /home/chris/files/cpp/sdl2_reference/build/CMakeFiles/CMakeTmp/CheckSymbolExists.c
/home/chris/files/cpp/sdl2_reference/build/CMakeFiles/CMakeTmp/CheckSymbolExists.c: In function ‘main’:
/home/chris/files/cpp/sdl2_reference/build/CMakeFiles/CMakeTmp/CheckSymbolExists.c:14:19: error: ‘_uitoa’ undeclared (first use in this function)
   14 |   return ((int*)(&_uitoa))[argc];
      |                   ^~~~~~
/home/chris/files/cpp/sdl2_reference/build/CMakeFiles/CMakeTmp/CheckSymbolExists.c:14:19: note: each undeclared identifier is reported only once for each function it appears in
make[1]: *** [CMakeFiles/cmTC_b10d1.dir/build.make:66: CMakeFiles/cmTC_b10d1.dir/CheckSymbolExists.c.o] Error 1
make[1]: Leaving directory '/home/chris/files/cpp/sdl2_reference/build/CMakeFiles/CMakeTmp'
make: *** [Makefile:121: cmTC_b10d1/fast] Error 2


File /home/chris/files/cpp/sdl2_reference/build/CMakeFiles/CMakeTmp/CheckSymbolExists.c:
/* */
#include <stddef.h>
#include <stdarg.h>
#include <stdlib.h>
#include <string.h>
#include <stdio.h>
#include <wchar.h>
#include <float.h>

int main(int argc, char** argv)
{
  (void)argv;
#ifndef _uitoa
  return ((int*)(&_uitoa))[argc];
#else
  (void)argc;
  return 0;
#endif
}
Determining if the _ultoa exist failed with the following output:
Change Dir: /home/chris/files/cpp/sdl2_reference/build/CMakeFiles/CMakeTmp

Run Build Command(s):/usr/bin/make cmTC_2e43c/fast && /usr/bin/make -f CMakeFiles/cmTC_2e43c.dir/build.make CMakeFiles/cmTC_2e43c.dir/build
make[1]: Entering directory '/home/chris/files/cpp/sdl2_reference/build/CMakeFiles/CMakeTmp'
Building C object CMakeFiles/cmTC_2e43c.dir/CheckSymbolExists.c.o
/usr/bin/cc   -g -O3 -idirafter "/home/chris/files/cpp/sdl2_reference/vendor/sdl/src/video/khronos"    -o CMakeFiles/cmTC_2e43c.dir/CheckSymbolExists.c.o   -c /home/chris/files/cpp/sdl2_reference/build/CMakeFiles/CMakeTmp/CheckSymbolExists.c
/home/chris/files/cpp/sdl2_reference/build/CMakeFiles/CMakeTmp/CheckSymbolExists.c: In function ‘main’:
/home/chris/files/cpp/sdl2_reference/build/CMakeFiles/CMakeTmp/CheckSymbolExists.c:14:19: error: ‘_ultoa’ undeclared (first use in this function)
   14 |   return ((int*)(&_ultoa))[argc];
      |                   ^~~~~~
/home/chris/files/cpp/sdl2_reference/build/CMakeFiles/CMakeTmp/CheckSymbolExists.c:14:19: note: each undeclared identifier is reported only once for each function it appears in
make[1]: *** [CMakeFiles/cmTC_2e43c.dir/build.make:66: CMakeFiles/cmTC_2e43c.dir/CheckSymbolExists.c.o] Error 1
make[1]: Leaving directory '/home/chris/files/cpp/sdl2_reference/build/CMakeFiles/CMakeTmp'
make: *** [Makefile:121: cmTC_2e43c/fast] Error 2


File /home/chris/files/cpp/sdl2_reference/build/CMakeFiles/CMakeTmp/CheckSymbolExists.c:
/* */
#include <stddef.h>
#include <stdarg.h>
#include <stdlib.h>
#include <string.h>
#include <stdio.h>
#include <wchar.h>
#include <float.h>

int main(int argc, char** argv)
{
  (void)argv;
#ifndef _ultoa
  return ((int*)(&_ultoa))[argc];
#else
  (void)argc;
  return 0;
#endif
}
Determining if the _i64toa exist failed with the following output:
Change Dir: /home/chris/files/cpp/sdl2_reference/build/CMakeFiles/CMakeTmp

Run Build Command(s):/usr/bin/make cmTC_3b5aa/fast && /usr/bin/make -f CMakeFiles/cmTC_3b5aa.dir/build.make CMakeFiles/cmTC_3b5aa.dir/build
make[1]: Entering directory '/home/chris/files/cpp/sdl2_reference/build/CMakeFiles/CMakeTmp'
Building C object CMakeFiles/cmTC_3b5aa.dir/CheckSymbolExists.c.o
/usr/bin/cc   -g -O3 -idirafter "/home/chris/files/cpp/sdl2_reference/vendor/sdl/src/video/khronos"    -o CMakeFiles/cmTC_3b5aa.dir/CheckSymbolExists.c.o   -c /home/chris/files/cpp/sdl2_reference/build/CMakeFiles/CMakeTmp/CheckSymbolExists.c
/home/chris/files/cpp/sdl2_reference/build/CMakeFiles/CMakeTmp/CheckSymbolExists.c: In function ‘main’:
/home/chris/files/cpp/sdl2_reference/build/CMakeFiles/CMakeTmp/CheckSymbolExists.c:14:19: error: ‘_i64toa’ undeclared (first use in this function)
   14 |   return ((int*)(&_i64toa))[argc];
      |                   ^~~~~~~
/home/chris/files/cpp/sdl2_reference/build/CMakeFiles/CMakeTmp/CheckSymbolExists.c:14:19: note: each undeclared identifier is reported only once for each function it appears in
make[1]: *** [CMakeFiles/cmTC_3b5aa.dir/build.make:66: CMakeFiles/cmTC_3b5aa.dir/CheckSymbolExists.c.o] Error 1
make[1]: Leaving directory '/home/chris/files/cpp/sdl2_reference/build/CMakeFiles/CMakeTmp'
make: *** [Makefile:121: cmTC_3b5aa/fast] Error 2


File /home/chris/files/cpp/sdl2_reference/build/CMakeFiles/CMakeTmp/CheckSymbolExists.c:
/* */
#include <stddef.h>
#include <stdarg.h>
#include <stdlib.h>
#include <string.h>
#include <stdio.h>
#include <wchar.h>
#include <float.h>

int main(int argc, char** argv)
{
  (void)argv;
#ifndef _i64toa
  return ((int*)(&_i64toa))[argc];
#else
  (void)argc;
  return 0;
#endif
}
Determining if the _ui64toa exist failed with the following output:
Change Dir: /home/chris/files/cpp/sdl2_reference/build/CMakeFiles/CMakeTmp

Run Build Command(s):/usr/bin/make cmTC_19c5b/fast && /usr/bin/make -f CMakeFiles/cmTC_19c5b.dir/build.make CMakeFiles/cmTC_19c5b.dir/build
make[1]: Entering directory '/home/chris/files/cpp/sdl2_reference/build/CMakeFiles/CMakeTmp'
Building C object CMakeFiles/cmTC_19c5b.dir/CheckSymbolExists.c.o
/usr/bin/cc   -g -O3 -idirafter "/home/chris/files/cpp/sdl2_reference/vendor/sdl/src/video/khronos"    -o CMakeFiles/cmTC_19c5b.dir/CheckSymbolExists.c.o   -c /home/chris/files/cpp/sdl2_reference/build/CMakeFiles/CMakeTmp/CheckSymbolExists.c
/home/chris/files/cpp/sdl2_reference/build/CMakeFiles/CMakeTmp/CheckSymbolExists.c: In function ‘main’:
/home/chris/files/cpp/sdl2_reference/build/CMakeFiles/CMakeTmp/CheckSymbolExists.c:14:19: error: ‘_ui64toa’ undeclared (first use in this function)
   14 |   return ((int*)(&_ui64toa))[argc];
      |                   ^~~~~~~~
/home/chris/files/cpp/sdl2_reference/build/CMakeFiles/CMakeTmp/CheckSymbolExists.c:14:19: note: each undeclared identifier is reported only once for each function it appears in
make[1]: *** [CMakeFiles/cmTC_19c5b.dir/build.make:66: CMakeFiles/cmTC_19c5b.dir/CheckSymbolExists.c.o] Error 1
make[1]: Leaving directory '/home/chris/files/cpp/sdl2_reference/build/CMakeFiles/CMakeTmp'
make: *** [Makefile:121: cmTC_19c5b/fast] Error 2


File /home/chris/files/cpp/sdl2_reference/build/CMakeFiles/CMakeTmp/CheckSymbolExists.c:
/* */
#include <stddef.h>
#include <stdarg.h>
#include <stdlib.h>
#include <string.h>
#include <stdio.h>
#include <wchar.h>
#include <float.h>

int main(int argc, char** argv)
{
  (void)argv;
#ifndef _ui64toa
  return ((int*)(&_ui64toa))[argc];
#else
  (void)argc;
  return 0;
#endif
}
Determining if the _stricmp exist failed with the following output:
Change Dir: /home/chris/files/cpp/sdl2_reference/build/CMakeFiles/CMakeTmp

Run Build Command(s):/usr/bin/make cmTC_b0c46/fast && /usr/bin/make -f CMakeFiles/cmTC_b0c46.dir/build.make CMakeFiles/cmTC_b0c46.dir/build
make[1]: Entering directory '/home/chris/files/cpp/sdl2_reference/build/CMakeFiles/CMakeTmp'
Building C object CMakeFiles/cmTC_b0c46.dir/CheckSymbolExists.c.o
/usr/bin/cc   -g -O3 -idirafter "/home/chris/files/cpp/sdl2_reference/vendor/sdl/src/video/khronos"    -o CMakeFiles/cmTC_b0c46.dir/CheckSymbolExists.c.o   -c /home/chris/files/cpp/sdl2_reference/build/CMakeFiles/CMakeTmp/CheckSymbolExists.c
/home/chris/files/cpp/sdl2_reference/build/CMakeFiles/CMakeTmp/CheckSymbolExists.c: In function ‘main’:
/home/chris/files/cpp/sdl2_reference/build/CMakeFiles/CMakeTmp/CheckSymbolExists.c:14:19: error: ‘_stricmp’ undeclared (first use in this function); did you mean ‘strncmp’?
   14 |   return ((int*)(&_stricmp))[argc];
      |                   ^~~~~~~~
      |                   strncmp
/home/chris/files/cpp/sdl2_reference/build/CMakeFiles/CMakeTmp/CheckSymbolExists.c:14:19: note: each undeclared identifier is reported only once for each function it appears in
make[1]: *** [CMakeFiles/cmTC_b0c46.dir/build.make:66: CMakeFiles/cmTC_b0c46.dir/CheckSymbolExists.c.o] Error 1
make[1]: Leaving directory '/home/chris/files/cpp/sdl2_reference/build/CMakeFiles/CMakeTmp'
make: *** [Makefile:121: cmTC_b0c46/fast] Error 2


File /home/chris/files/cpp/sdl2_reference/build/CMakeFiles/CMakeTmp/CheckSymbolExists.c:
/* */
#include <stddef.h>
#include <stdarg.h>
#include <stdlib.h>
#include <string.h>
#include <stdio.h>
#include <wchar.h>
#include <float.h>

int main(int argc, char** argv)
{
  (void)argv;
#ifndef _stricmp
  return ((int*)(&_stricmp))[argc];
#else
  (void)argc;
  return 0;
#endif
}
Determining if the _strnicmp exist failed with the following output:
Change Dir: /home/chris/files/cpp/sdl2_reference/build/CMakeFiles/CMakeTmp

Run Build Command(s):/usr/bin/make cmTC_33dee/fast && /usr/bin/make -f CMakeFiles/cmTC_33dee.dir/build.make CMakeFiles/cmTC_33dee.dir/build
make[1]: Entering directory '/home/chris/files/cpp/sdl2_reference/build/CMakeFiles/CMakeTmp'
Building C object CMakeFiles/cmTC_33dee.dir/CheckSymbolExists.c.o
/usr/bin/cc   -g -O3 -idirafter "/home/chris/files/cpp/sdl2_reference/vendor/sdl/src/video/khronos"    -o CMakeFiles/cmTC_33dee.dir/CheckSymbolExists.c.o   -c /home/chris/files/cpp/sdl2_reference/build/CMakeFiles/CMakeTmp/CheckSymbolExists.c
/home/chris/files/cpp/sdl2_reference/build/CMakeFiles/CMakeTmp/CheckSymbolExists.c: In function ‘main’:
/home/chris/files/cpp/sdl2_reference/build/CMakeFiles/CMakeTmp/CheckSymbolExists.c:14:19: error: ‘_strnicmp’ undeclared (first use in this function); did you mean ‘strncmp’?
   14 |   return ((int*)(&_strnicmp))[argc];
      |                   ^~~~~~~~~
      |                   strncmp
/home/chris/files/cpp/sdl2_reference/build/CMakeFiles/CMakeTmp/CheckSymbolExists.c:14:19: note: each undeclared identifier is reported only once for each function it appears in
make[1]: *** [CMakeFiles/cmTC_33dee.dir/build.make:66: CMakeFiles/cmTC_33dee.dir/CheckSymbolExists.c.o] Error 1
make[1]: Leaving directory '/home/chris/files/cpp/sdl2_reference/build/CMakeFiles/CMakeTmp'
make: *** [Makefile:121: cmTC_33dee/fast] Error 2


File /home/chris/files/cpp/sdl2_reference/build/CMakeFiles/CMakeTmp/CheckSymbolExists.c:
/* */
#include <stddef.h>
#include <stdarg.h>
#include <stdlib.h>
#include <string.h>
#include <stdio.h>
#include <wchar.h>
#include <float.h>

int main(int argc, char** argv)
{
  (void)argv;
#ifndef _strnicmp
  return ((int*)(&_strnicmp))[argc];
#else
  (void)argc;
  return 0;
#endif
}
Determining if the _wcsdup exist failed with the following output:
Change Dir: /home/chris/files/cpp/sdl2_reference/build/CMakeFiles/CMakeTmp

Run Build Command(s):/usr/bin/make cmTC_a21dc/fast && /usr/bin/make -f CMakeFiles/cmTC_a21dc.dir/build.make CMakeFiles/cmTC_a21dc.dir/build
make[1]: Entering directory '/home/chris/files/cpp/sdl2_reference/build/CMakeFiles/CMakeTmp'
Building C object CMakeFiles/cmTC_a21dc.dir/CheckSymbolExists.c.o
/usr/bin/cc   -g -O3 -idirafter "/home/chris/files/cpp/sdl2_reference/vendor/sdl/src/video/khronos"    -o CMakeFiles/cmTC_a21dc.dir/CheckSymbolExists.c.o   -c /home/chris/files/cpp/sdl2_reference/build/CMakeFiles/CMakeTmp/CheckSymbolExists.c
/home/chris/files/cpp/sdl2_reference/build/CMakeFiles/CMakeTmp/CheckSymbolExists.c: In function ‘main’:
/home/chris/files/cpp/sdl2_reference/build/CMakeFiles/CMakeTmp/CheckSymbolExists.c:14:19: error: ‘_wcsdup’ undeclared (first use in this function); did you mean ‘wcsdup’?
   14 |   return ((int*)(&_wcsdup))[argc];
      |                   ^~~~~~~
      |                   wcsdup
/home/chris/files/cpp/sdl2_reference/build/CMakeFiles/CMakeTmp/CheckSymbolExists.c:14:19: note: each undeclared identifier is reported only once for each function it appears in
make[1]: *** [CMakeFiles/cmTC_a21dc.dir/build.make:66: CMakeFiles/cmTC_a21dc.dir/CheckSymbolExists.c.o] Error 1
make[1]: Leaving directory '/home/chris/files/cpp/sdl2_reference/build/CMakeFiles/CMakeTmp'
make: *** [Makefile:121: cmTC_a21dc/fast] Error 2


File /home/chris/files/cpp/sdl2_reference/build/CMakeFiles/CMakeTmp/CheckSymbolExists.c:
/* */
#include <stddef.h>
#include <stdarg.h>
#include <stdlib.h>
#include <string.h>
#include <stdio.h>
#include <wchar.h>
#include <float.h>

int main(int argc, char** argv)
{
  (void)argv;
#ifndef _wcsdup
  return ((int*)(&_wcsdup))[argc];
#else
  (void)argc;
  return 0;
#endif
}
Determining if the wcslcat exist failed with the following output:
Change Dir: /home/chris/files/cpp/sdl2_reference/build/CMakeFiles/CMakeTmp

Run Build Command(s):/usr/bin/make cmTC_2d2b3/fast && /usr/bin/make -f CMakeFiles/cmTC_2d2b3.dir/build.make CMakeFiles/cmTC_2d2b3.dir/build
make[1]: Entering directory '/home/chris/files/cpp/sdl2_reference/build/CMakeFiles/CMakeTmp'
Building C object CMakeFiles/cmTC_2d2b3.dir/CheckSymbolExists.c.o
/usr/bin/cc   -g -O3 -idirafter "/home/chris/files/cpp/sdl2_reference/vendor/sdl/src/video/khronos"    -o CMakeFiles/cmTC_2d2b3.dir/CheckSymbolExists.c.o   -c /home/chris/files/cpp/sdl2_reference/build/CMakeFiles/CMakeTmp/CheckSymbolExists.c
/home/chris/files/cpp/sdl2_reference/build/CMakeFiles/CMakeTmp/CheckSymbolExists.c: In function ‘main’:
/home/chris/files/cpp/sdl2_reference/build/CMakeFiles/CMakeTmp/CheckSymbolExists.c:14:19: error: ‘wcslcat’ undeclared (first use in this function); did you mean ‘wcsncat’?
   14 |   return ((int*)(&wcslcat))[argc];
      |                   ^~~~~~~
      |                   wcsncat
/home/chris/files/cpp/sdl2_reference/build/CMakeFiles/CMakeTmp/CheckSymbolExists.c:14:19: note: each undeclared identifier is reported only once for each function it appears in
make[1]: *** [CMakeFiles/cmTC_2d2b3.dir/build.make:66: CMakeFiles/cmTC_2d2b3.dir/CheckSymbolExists.c.o] Error 1
make[1]: Leaving directory '/home/chris/files/cpp/sdl2_reference/build/CMakeFiles/CMakeTmp'
make: *** [Makefile:121: cmTC_2d2b3/fast] Error 2


File /home/chris/files/cpp/sdl2_reference/build/CMakeFiles/CMakeTmp/CheckSymbolExists.c:
/* */
#include <stddef.h>
#include <stdarg.h>
#include <stdlib.h>
#include <string.h>
#include <stdio.h>
#include <wchar.h>
#include <float.h>

int main(int argc, char** argv)
{
  (void)argv;
#ifndef wcslcat
  return ((int*)(&wcslcat))[argc];
#else
  (void)argc;
  return 0;
#endif
}
Determining if the wcslcpy exist failed with the following output:
Change Dir: /home/chris/files/cpp/sdl2_reference/build/CMakeFiles/CMakeTmp

Run Build Command(s):/usr/bin/make cmTC_68080/fast && /usr/bin/make -f CMakeFiles/cmTC_68080.dir/build.make CMakeFiles/cmTC_68080.dir/build
make[1]: Entering directory '/home/chris/files/cpp/sdl2_reference/build/CMakeFiles/CMakeTmp'
Building C object CMakeFiles/cmTC_68080.dir/CheckSymbolExists.c.o
/usr/bin/cc   -g -O3 -idirafter "/home/chris/files/cpp/sdl2_reference/vendor/sdl/src/video/khronos"    -o CMakeFiles/cmTC_68080.dir/CheckSymbolExists.c.o   -c /home/chris/files/cpp/sdl2_reference/build/CMakeFiles/CMakeTmp/CheckSymbolExists.c
/home/chris/files/cpp/sdl2_reference/build/CMakeFiles/CMakeTmp/CheckSymbolExists.c: In function ‘main’:
/home/chris/files/cpp/sdl2_reference/build/CMakeFiles/CMakeTmp/CheckSymbolExists.c:14:19: error: ‘wcslcpy’ undeclared (first use in this function); did you mean ‘wcsncpy’?
   14 |   return ((int*)(&wcslcpy))[argc];
      |                   ^~~~~~~
      |                   wcsncpy
/home/chris/files/cpp/sdl2_reference/build/CMakeFiles/CMakeTmp/CheckSymbolExists.c:14:19: note: each undeclared identifier is reported only once for each function it appears in
make[1]: *** [CMakeFiles/cmTC_68080.dir/build.make:66: CMakeFiles/cmTC_68080.dir/CheckSymbolExists.c.o] Error 1
make[1]: Leaving directory '/home/chris/files/cpp/sdl2_reference/build/CMakeFiles/CMakeTmp'
make: *** [Makefile:121: cmTC_68080/fast] Error 2


File /home/chris/files/cpp/sdl2_reference/build/CMakeFiles/CMakeTmp/CheckSymbolExists.c:
/* */
#include <stddef.h>
#include <stdarg.h>
#include <stdlib.h>
#include <string.h>
#include <stdio.h>
#include <wchar.h>
#include <float.h>

int main(int argc, char** argv)
{
  (void)argv;
#ifndef wcslcpy
  return ((int*)(&wcslcpy))[argc];
#else
  (void)argc;
  return 0;
#endif
}
Determining if the _wcsicmp exist failed with the following output:
Change Dir: /home/chris/files/cpp/sdl2_reference/build/CMakeFiles/CMakeTmp

Run Build Command(s):/usr/bin/make cmTC_9faf0/fast && /usr/bin/make -f CMakeFiles/cmTC_9faf0.dir/build.make CMakeFiles/cmTC_9faf0.dir/build
make[1]: Entering directory '/home/chris/files/cpp/sdl2_reference/build/CMakeFiles/CMakeTmp'
Building C object CMakeFiles/cmTC_9faf0.dir/CheckSymbolExists.c.o
/usr/bin/cc   -g -O3 -idirafter "/home/chris/files/cpp/sdl2_reference/vendor/sdl/src/video/khronos"    -o CMakeFiles/cmTC_9faf0.dir/CheckSymbolExists.c.o   -c /home/chris/files/cpp/sdl2_reference/build/CMakeFiles/CMakeTmp/CheckSymbolExists.c
/home/chris/files/cpp/sdl2_reference/build/CMakeFiles/CMakeTmp/CheckSymbolExists.c: In function ‘main’:
/home/chris/files/cpp/sdl2_reference/build/CMakeFiles/CMakeTmp/CheckSymbolExists.c:14:19: error: ‘_wcsicmp’ undeclared (first use in this function); did you mean ‘wcsncmp’?
   14 |   return ((int*)(&_wcsicmp))[argc];
      |                   ^~~~~~~~
      |                   wcsncmp
/home/chris/files/cpp/sdl2_reference/build/CMakeFiles/CMakeTmp/CheckSymbolExists.c:14:19: note: each undeclared identifier is reported only once for each function it appears in
make[1]: *** [CMakeFiles/cmTC_9faf0.dir/build.make:66: CMakeFiles/cmTC_9faf0.dir/CheckSymbolExists.c.o] Error 1
make[1]: Leaving directory '/home/chris/files/cpp/sdl2_reference/build/CMakeFiles/CMakeTmp'
make: *** [Makefile:121: cmTC_9faf0/fast] Error 2


File /home/chris/files/cpp/sdl2_reference/build/CMakeFiles/CMakeTmp/CheckSymbolExists.c:
/* */
#include <stddef.h>
#include <stdarg.h>
#include <stdlib.h>
#include <string.h>
#include <stdio.h>
#include <wchar.h>
#include <float.h>

int main(int argc, char** argv)
{
  (void)argv;
#ifndef _wcsicmp
  return ((int*)(&_wcsicmp))[argc];
#else
  (void)argc;
  return 0;
#endif
}
Determining if the _wcsnicmp exist failed with the following output:
Change Dir: /home/chris/files/cpp/sdl2_reference/build/CMakeFiles/CMakeTmp

Run Build Command(s):/usr/bin/make cmTC_968ab/fast && /usr/bin/make -f CMakeFiles/cmTC_968ab.dir/build.make CMakeFiles/cmTC_968ab.dir/build
make[1]: Entering directory '/home/chris/files/cpp/sdl2_reference/build/CMakeFiles/CMakeTmp'
Building C object CMakeFiles/cmTC_968ab.dir/CheckSymbolExists.c.o
/usr/bin/cc   -g -O3 -idirafter "/home/chris/files/cpp/sdl2_reference/vendor/sdl/src/video/khronos"    -o CMakeFiles/cmTC_968ab.dir/CheckSymbolExists.c.o   -c /home/chris/files/cpp/sdl2_reference/build/CMakeFiles/CMakeTmp/CheckSymbolExists.c
/home/chris/files/cpp/sdl2_reference/build/CMakeFiles/CMakeTmp/CheckSymbolExists.c: In function ‘main’:
/home/chris/files/cpp/sdl2_reference/build/CMakeFiles/CMakeTmp/CheckSymbolExists.c:14:19: error: ‘_wcsnicmp’ undeclared (first use in this function); did you mean ‘wcsncmp’?
   14 |   return ((int*)(&_wcsnicmp))[argc];
      |                   ^~~~~~~~~
      |                   wcsncmp
/home/chris/files/cpp/sdl2_reference/build/CMakeFiles/CMakeTmp/CheckSymbolExists.c:14:19: note: each undeclared identifier is reported only once for each function it appears in
make[1]: *** [CMakeFiles/cmTC_968ab.dir/build.make:66: CMakeFiles/cmTC_968ab.dir/CheckSymbolExists.c.o] Error 1
make[1]: Leaving directory '/home/chris/files/cpp/sdl2_reference/build/CMakeFiles/CMakeTmp'
make: *** [Makefile:121: cmTC_968ab/fast] Error 2


File /home/chris/files/cpp/sdl2_reference/build/CMakeFiles/CMakeTmp/CheckSymbolExists.c:
/* */
#include <stddef.h>
#include <stdarg.h>
#include <stdlib.h>
#include <string.h>
#include <stdio.h>
#include <wchar.h>
#include <float.h>

int main(int argc, char** argv)
{
  (void)argv;
#ifndef _wcsnicmp
  return ((int*)(&_wcsnicmp))[argc];
#else
  (void)argc;
  return 0;
#endif
}
Determining if the fopen64 exist failed with the following output:
Change Dir: /home/chris/files/cpp/sdl2_reference/build/CMakeFiles/CMakeTmp

Run Build Command(s):/usr/bin/make cmTC_4aee1/fast && /usr/bin/make -f CMakeFiles/cmTC_4aee1.dir/build.make CMakeFiles/cmTC_4aee1.dir/build
make[1]: Entering directory '/home/chris/files/cpp/sdl2_reference/build/CMakeFiles/CMakeTmp'
Building C object CMakeFiles/cmTC_4aee1.dir/CheckSymbolExists.c.o
/usr/bin/cc   -g -O3 -idirafter "/home/chris/files/cpp/sdl2_reference/vendor/sdl/src/video/khronos"    -o CMakeFiles/cmTC_4aee1.dir/CheckSymbolExists.c.o   -c /home/chris/files/cpp/sdl2_reference/build/CMakeFiles/CMakeTmp/CheckSymbolExists.c
/home/chris/files/cpp/sdl2_reference/build/CMakeFiles/CMakeTmp/CheckSymbolExists.c: In function ‘main’:
/home/chris/files/cpp/sdl2_reference/build/CMakeFiles/CMakeTmp/CheckSymbolExists.c:14:19: error: ‘fopen64’ undeclared (first use in this function); did you mean ‘fopen’?
   14 |   return ((int*)(&fopen64))[argc];
      |                   ^~~~~~~
      |                   fopen
/home/chris/files/cpp/sdl2_reference/build/CMakeFiles/CMakeTmp/CheckSymbolExists.c:14:19: note: each undeclared identifier is reported only once for each function it appears in
make[1]: *** [CMakeFiles/cmTC_4aee1.dir/build.make:66: CMakeFiles/cmTC_4aee1.dir/CheckSymbolExists.c.o] Error 1
make[1]: Leaving directory '/home/chris/files/cpp/sdl2_reference/build/CMakeFiles/CMakeTmp'
make: *** [Makefile:121: cmTC_4aee1/fast] Error 2


File /home/chris/files/cpp/sdl2_reference/build/CMakeFiles/CMakeTmp/CheckSymbolExists.c:
/* */
#include <stddef.h>
#include <stdarg.h>
#include <stdlib.h>
#include <string.h>
#include <stdio.h>
#include <wchar.h>
#include <float.h>

int main(int argc, char** argv)
{
  (void)argv;
#ifndef fopen64
  return ((int*)(&fopen64))[argc];
#else
  (void)argc;
  return 0;
#endif
}
Determining if the fseeko64 exist failed with the following output:
Change Dir: /home/chris/files/cpp/sdl2_reference/build/CMakeFiles/CMakeTmp

Run Build Command(s):/usr/bin/make cmTC_09d99/fast && /usr/bin/make -f CMakeFiles/cmTC_09d99.dir/build.make CMakeFiles/cmTC_09d99.dir/build
make[1]: Entering directory '/home/chris/files/cpp/sdl2_reference/build/CMakeFiles/CMakeTmp'
Building C object CMakeFiles/cmTC_09d99.dir/CheckSymbolExists.c.o
/usr/bin/cc   -g -O3 -idirafter "/home/chris/files/cpp/sdl2_reference/vendor/sdl/src/video/khronos"    -o CMakeFiles/cmTC_09d99.dir/CheckSymbolExists.c.o   -c /home/chris/files/cpp/sdl2_reference/build/CMakeFiles/CMakeTmp/CheckSymbolExists.c
/home/chris/files/cpp/sdl2_reference/build/CMakeFiles/CMakeTmp/CheckSymbolExists.c: In function ‘main’:
/home/chris/files/cpp/sdl2_reference/build/CMakeFiles/CMakeTmp/CheckSymbolExists.c:14:19: error: ‘fseeko64’ undeclared (first use in this function); did you mean ‘fseeko’?
   14 |   return ((int*)(&fseeko64))[argc];
      |                   ^~~~~~~~
      |                   fseeko
/home/chris/files/cpp/sdl2_reference/build/CMakeFiles/CMakeTmp/CheckSymbolExists.c:14:19: note: each undeclared identifier is reported only once for each function it appears in
make[1]: *** [CMakeFiles/cmTC_09d99.dir/build.make:66: CMakeFiles/cmTC_09d99.dir/CheckSymbolExists.c.o] Error 1
make[1]: Leaving directory '/home/chris/files/cpp/sdl2_reference/build/CMakeFiles/CMakeTmp'
make: *** [Makefile:121: cmTC_09d99/fast] Error 2


File /home/chris/files/cpp/sdl2_reference/build/CMakeFiles/CMakeTmp/CheckSymbolExists.c:
/* */
#include <stddef.h>
#include <stdarg.h>
#include <stdlib.h>
#include <string.h>
#include <stdio.h>
#include <wchar.h>
#include <float.h>

int main(int argc, char** argv)
{
  (void)argv;
#ifndef fseeko64
  return ((int*)(&fseeko64))[argc];
#else
  (void)argc;
  return 0;
#endif
}
Determining if the sysctlbyname exist failed with the following output:
Change Dir: /home/chris/files/cpp/sdl2_reference/build/CMakeFiles/CMakeTmp

Run Build Command(s):/usr/bin/make cmTC_74454/fast && /usr/bin/make -f CMakeFiles/cmTC_74454.dir/build.make CMakeFiles/cmTC_74454.dir/build
make[1]: Entering directory '/home/chris/files/cpp/sdl2_reference/build/CMakeFiles/CMakeTmp'
Building C object CMakeFiles/cmTC_74454.dir/CheckSymbolExists.c.o
/usr/bin/cc   -g -O3 -idirafter "/home/chris/files/cpp/sdl2_reference/vendor/sdl/src/video/khronos"    -o CMakeFiles/cmTC_74454.dir/CheckSymbolExists.c.o   -c /home/chris/files/cpp/sdl2_reference/build/CMakeFiles/CMakeTmp/CheckSymbolExists.c
In file included from /home/chris/files/cpp/sdl2_reference/build/CMakeFiles/CMakeTmp/CheckSymbolExists.c:3:
/usr/include/x86_64-linux-gnu/sys/sysctl.h:21:2: warning: #warning "The <sys/sysctl.h> header is deprecated and will be removed." [-Wcpp]
   21 | #warning "The <sys/sysctl.h> header is deprecated and will be removed."
      |  ^~~~~~~
/home/chris/files/cpp/sdl2_reference/build/CMakeFiles/CMakeTmp/CheckSymbolExists.c: In function ‘main’:
/home/chris/files/cpp/sdl2_reference/build/CMakeFiles/CMakeTmp/CheckSymbolExists.c:9:19: error: ‘sysctlbyname’ undeclared (first use in this function)
    9 |   return ((int*)(&sysctlbyname))[argc];
      |                   ^~~~~~~~~~~~
/home/chris/files/cpp/sdl2_reference/build/CMakeFiles/CMakeTmp/CheckSymbolExists.c:9:19: note: each undeclared identifier is reported only once for each function it appears in
make[1]: *** [CMakeFiles/cmTC_74454.dir/build.make:66: CMakeFiles/cmTC_74454.dir/CheckSymbolExists.c.o] Error 1
make[1]: Leaving directory '/home/chris/files/cpp/sdl2_reference/build/CMakeFiles/CMakeTmp'
make: *** [Makefile:121: cmTC_74454/fast] Error 2


File /home/chris/files/cpp/sdl2_reference/build/CMakeFiles/CMakeTmp/CheckSymbolExists.c:
/* */
#include <sys/types.h>
#include <sys/sysctl.h>

int main(int argc, char** argv)
{
  (void)argv;
#ifndef sysctlbyname
  return ((int*)(&sysctlbyname))[argc];
#else
  (void)argc;
  return 0;
#endif
}
Determining if the elf_aux_info exist failed with the following output:
Change Dir: /home/chris/files/cpp/sdl2_reference/build/CMakeFiles/CMakeTmp

Run Build Command(s):/usr/bin/make cmTC_db782/fast && /usr/bin/make -f CMakeFiles/cmTC_db782.dir/build.make CMakeFiles/cmTC_db782.dir/build
make[1]: Entering directory '/home/chris/files/cpp/sdl2_reference/build/CMakeFiles/CMakeTmp'
Building C object CMakeFiles/cmTC_db782.dir/CheckSymbolExists.c.o
/usr/bin/cc   -g -O3 -idirafter "/home/chris/files/cpp/sdl2_reference/vendor/sdl/src/video/khronos"    -o CMakeFiles/cmTC_db782.dir/CheckSymbolExists.c.o   -c /home/chris/files/cpp/sdl2_reference/build/CMakeFiles/CMakeTmp/CheckSymbolExists.c
/home/chris/files/cpp/sdl2_reference/build/CMakeFiles/CMakeTmp/CheckSymbolExists.c: In function ‘main’:
/home/chris/files/cpp/sdl2_reference/build/CMakeFiles/CMakeTmp/CheckSymbolExists.c:8:19: error: ‘elf_aux_info’ undeclared (first use in this function)
    8 |   return ((int*)(&elf_aux_info))[argc];
      |                   ^~~~~~~~~~~~
/home/chris/files/cpp/sdl2_reference/build/CMakeFiles/CMakeTmp/CheckSymbolExists.c:8:19: note: each undeclared identifier is reported only once for each function it appears in
make[1]: *** [CMakeFiles/cmTC_db782.dir/build.make:66: CMakeFiles/cmTC_db782.dir/CheckSymbolExists.c.o] Error 1
make[1]: Leaving directory '/home/chris/files/cpp/sdl2_reference/build/CMakeFiles/CMakeTmp'
make: *** [Makefile:121: cmTC_db782/fast] Error 2


File /home/chris/files/cpp/sdl2_reference/build/CMakeFiles/CMakeTmp/CheckSymbolExists.c:
/* */
#include <sys/auxv.h>

int main(int argc, char** argv)
{
  (void)argv;
#ifndef elf_aux_info
  return ((int*)(&elf_aux_info))[argc];
#else
  (void)argc;
  return 0;
#endif
}
Determining if the function iconv_open exists in the iconv failed with the following output:
Change Dir: /home/chris/files/cpp/sdl2_reference/build/CMakeFiles/CMakeTmp

Run Build Command(s):/usr/bin/make cmTC_9b2a7/fast && /usr/bin/make -f CMakeFiles/cmTC_9b2a7.dir/build.make CMakeFiles/cmTC_9b2a7.dir/build
make[1]: Entering directory '/home/chris/files/cpp/sdl2_reference/build/CMakeFiles/CMakeTmp'
Building C object CMakeFiles/cmTC_9b2a7.dir/CheckFunctionExists.c.o
/usr/bin/cc   -g -O3 -idirafter "/home/chris/files/cpp/sdl2_reference/vendor/sdl/src/video/khronos" -DCHECK_FUNCTION_EXISTS=iconv_open   -o CMakeFiles/cmTC_9b2a7.dir/CheckFunctionExists.c.o   -c /usr/share/cmake-3.16/Modules/CheckFunctionExists.c
Linking C executable cmTC_9b2a7
/usr/bin/cmake -E cmake_link_script CMakeFiles/cmTC_9b2a7.dir/link.txt --verbose=1
/usr/bin/cc -g -O3 -idirafter "/home/chris/files/cpp/sdl2_reference/vendor/sdl/src/video/khronos" -DCHECK_FUNCTION_EXISTS=iconv_open    -rdynamic CMakeFiles/cmTC_9b2a7.dir/CheckFunctionExists.c.o  -o cmTC_9b2a7  -liconv 
/usr/bin/ld: cannot find -liconv
collect2: error: ld returned 1 exit status
make[1]: *** [CMakeFiles/cmTC_9b2a7.dir/build.make:87: cmTC_9b2a7] Error 1
make[1]: Leaving directory '/home/chris/files/cpp/sdl2_reference/build/CMakeFiles/CMakeTmp'
make: *** [Makefile:121: cmTC_9b2a7/fast] Error 2



Determining if the alloca exist failed with the following output:
Change Dir: /home/chris/files/cpp/sdl2_reference/build/CMakeFiles/CMakeTmp

Run Build Command(s):/usr/bin/make cmTC_48253/fast && /usr/bin/make -f CMakeFiles/cmTC_48253.dir/build.make CMakeFiles/cmTC_48253.dir/build
make[1]: Entering directory '/home/chris/files/cpp/sdl2_reference/build/CMakeFiles/CMakeTmp'
Building C object CMakeFiles/cmTC_48253.dir/CheckSymbolExists.c.o
/usr/bin/cc   -g -O3 -idirafter "/home/chris/files/cpp/sdl2_reference/vendor/sdl/src/video/khronos"    -o CMakeFiles/cmTC_48253.dir/CheckSymbolExists.c.o   -c /home/chris/files/cpp/sdl2_reference/build/CMakeFiles/CMakeTmp/CheckSymbolExists.c
/home/chris/files/cpp/sdl2_reference/build/CMakeFiles/CMakeTmp/CheckSymbolExists.c: In function ‘main’:
/home/chris/files/cpp/sdl2_reference/build/CMakeFiles/CMakeTmp/CheckSymbolExists.c:8:19: error: ‘alloca’ undeclared (first use in this function); did you mean ‘valloc’?
    8 |   return ((int*)(&alloca))[argc];
      |                   ^~~~~~
      |                   valloc
/home/chris/files/cpp/sdl2_reference/build/CMakeFiles/CMakeTmp/CheckSymbolExists.c:8:19: note: each undeclared identifier is reported only once for each function it appears in
make[1]: *** [CMakeFiles/cmTC_48253.dir/build.make:66: CMakeFiles/cmTC_48253.dir/CheckSymbolExists.c.o] Error 1
make[1]: Leaving directory '/home/chris/files/cpp/sdl2_reference/build/CMakeFiles/CMakeTmp'
make: *** [Makefile:121: cmTC_48253/fast] Error 2


File /home/chris/files/cpp/sdl2_reference/build/CMakeFiles/CMakeTmp/CheckSymbolExists.c:
/* */
#include <malloc.h>

int main(int argc, char** argv)
{
  (void)argv;
#ifndef alloca
  return ((int*)(&alloca))[argc];
#else
  (void)argc;
  return 0;
#endif
}
Determining if the dlopen exist failed with the following output:
Change Dir: /home/chris/files/cpp/sdl2_reference/build/CMakeFiles/CMakeTmp

Run Build Command(s):/usr/bin/make cmTC_5c029/fast && /usr/bin/make -f CMakeFiles/cmTC_5c029.dir/build.make CMakeFiles/cmTC_5c029.dir/build
make[1]: Entering directory '/home/chris/files/cpp/sdl2_reference/build/CMakeFiles/CMakeTmp'
Building C object CMakeFiles/cmTC_5c029.dir/CheckSymbolExists.c.o
/usr/bin/cc   -g -O3 -idirafter "/home/chris/files/cpp/sdl2_reference/vendor/sdl/src/video/khronos"    -o CMakeFiles/cmTC_5c029.dir/CheckSymbolExists.c.o   -c /home/chris/files/cpp/sdl2_reference/build/CMakeFiles/CMakeTmp/CheckSymbolExists.c
Linking C executable cmTC_5c029
/usr/bin/cmake -E cmake_link_script CMakeFiles/cmTC_5c029.dir/link.txt --verbose=1
/usr/bin/cc -g -O3 -idirafter "/home/chris/files/cpp/sdl2_reference/vendor/sdl/src/video/khronos"     -rdynamic CMakeFiles/cmTC_5c029.dir/CheckSymbolExists.c.o  -o cmTC_5c029 
/usr/bin/ld: CMakeFiles/cmTC_5c029.dir/CheckSymbolExists.c.o: in function `main':
/home/chris/files/cpp/sdl2_reference/build/CMakeFiles/CMakeTmp/CheckSymbolExists.c:8: undefined reference to `dlopen'
collect2: error: ld returned 1 exit status
make[1]: *** [CMakeFiles/cmTC_5c029.dir/build.make:87: cmTC_5c029] Error 1
make[1]: Leaving directory '/home/chris/files/cpp/sdl2_reference/build/CMakeFiles/CMakeTmp'
make: *** [Makefile:121: cmTC_5c029/fast] Error 2


File /home/chris/files/cpp/sdl2_reference/build/CMakeFiles/CMakeTmp/CheckSymbolExists.c:
/* */
#include <dlfcn.h>

int main(int argc, char** argv)
{
  (void)argv;
#ifndef dlopen
  return ((int*)(&dlopen))[argc];
#else
  (void)argc;
  return 0;
#endif
}
Determining if the include file audio/audiolib.h exists failed with the following output:
Change Dir: /home/chris/files/cpp/sdl2_reference/build/CMakeFiles/CMakeTmp

Run Build Command(s):/usr/bin/make cmTC_03ab2/fast && /usr/bin/make -f CMakeFiles/cmTC_03ab2.dir/build.make CMakeFiles/cmTC_03ab2.dir/build
make[1]: Entering directory '/home/chris/files/cpp/sdl2_reference/build/CMakeFiles/CMakeTmp'
Building C object CMakeFiles/cmTC_03ab2.dir/CheckIncludeFile.c.o
/usr/bin/cc   -g -O3 -idirafter "/home/chris/files/cpp/sdl2_reference/vendor/sdl/src/video/khronos"    -o CMakeFiles/cmTC_03ab2.dir/CheckIncludeFile.c.o   -c /home/chris/files/cpp/sdl2_reference/build/CMakeFiles/CMakeTmp/CheckIncludeFile.c
/home/chris/files/cpp/sdl2_reference/build/CMakeFiles/CMakeTmp/CheckIncludeFile.c:1:10: fatal error: audio/audiolib.h: No such file or directory
    1 | #include <audio/audiolib.h>
      |          ^~~~~~~~~~~~~~~~~~
compilation terminated.
make[1]: *** [CMakeFiles/cmTC_03ab2.dir/build.make:66: CMakeFiles/cmTC_03ab2.dir/CheckIncludeFile.c.o] Error 1
make[1]: Leaving directory '/home/chris/files/cpp/sdl2_reference/build/CMakeFiles/CMakeTmp'
make: *** [Makefile:121: cmTC_03ab2/fast] Error 2



Determining if the include file samplerate.h exists failed with the following output:
Change Dir: /home/chris/files/cpp/sdl2_reference/build/CMakeFiles/CMakeTmp

Run Build Command(s):/usr/bin/make cmTC_627b7/fast && /usr/bin/make -f CMakeFiles/cmTC_627b7.dir/build.make CMakeFiles/cmTC_627b7.dir/build
make[1]: Entering directory '/home/chris/files/cpp/sdl2_reference/build/CMakeFiles/CMakeTmp'
Building C object CMakeFiles/cmTC_627b7.dir/CheckIncludeFile.c.o
/usr/bin/cc   -g -O3 -idirafter "/home/chris/files/cpp/sdl2_reference/vendor/sdl/src/video/khronos"    -o CMakeFiles/cmTC_627b7.dir/CheckIncludeFile.c.o   -c /home/chris/files/cpp/sdl2_reference/build/CMakeFiles/CMakeTmp/CheckIncludeFile.c
/home/chris/files/cpp/sdl2_reference/build/CMakeFiles/CMakeTmp/CheckIncludeFile.c:1:10: fatal error: samplerate.h: No such file or directory
    1 | #include <samplerate.h>
      |          ^~~~~~~~~~~~~~
compilation terminated.
make[1]: *** [CMakeFiles/cmTC_627b7.dir/build.make:66: CMakeFiles/cmTC_627b7.dir/CheckIncludeFile.c.o] Error 1
make[1]: Leaving directory '/home/chris/files/cpp/sdl2_reference/build/CMakeFiles/CMakeTmp'
make: *** [Makefile:121: cmTC_627b7/fast] Error 2



Performing C SOURCE FILE Test HAVE_VIDEO_RPI failed with the following output:
Change Dir: /home/chris/files/cpp/sdl2_reference/build/CMakeFiles/CMakeTmp

Run Build Command(s):/usr/bin/make cmTC_73b30/fast && /usr/bin/make -f CMakeFiles/cmTC_73b30.dir/build.make CMakeFiles/cmTC_73b30.dir/build
make[1]: Entering directory '/home/chris/files/cpp/sdl2_reference/build/CMakeFiles/CMakeTmp'
Building C object CMakeFiles/cmTC_73b30.dir/src.c.o
/usr/bin/cc   -g -O3 -idirafter "/home/chris/files/cpp/sdl2_reference/vendor/sdl/src/video/khronos" -DHAVE_VIDEO_RPI  -I/opt/vc/include/interface/vmcs_host/linux/ -I/opt/vc/include/interface/vcos/pthreads -I/opt/vc/include  -L/opt/vc/lib   -o CMakeFiles/cmTC_73b30.dir/src.c.o   -c /home/chris/files/cpp/sdl2_reference/build/CMakeFiles/CMakeTmp/src.c
/home/chris/files/cpp/sdl2_reference/build/CMakeFiles/CMakeTmp/src.c:2:18: fatal error: bcm_host.h: No such file or directory
    2 |         #include <bcm_host.h>
      |                  ^~~~~~~~~~~~
compilation terminated.
make[1]: *** [CMakeFiles/cmTC_73b30.dir/build.make:66: CMakeFiles/cmTC_73b30.dir/src.c.o] Error 1
make[1]: Leaving directory '/home/chris/files/cpp/sdl2_reference/build/CMakeFiles/CMakeTmp'
make: *** [Makefile:121: cmTC_73b30/fast] Error 2


Source file was:

        #include <bcm_host.h>
        int main(int argc, char **argv) {}
Performing C SOURCE FILE Test HAVE_VIDEO_VIVANTE_VDK failed with the following output:
Change Dir: /home/chris/files/cpp/sdl2_reference/build/CMakeFiles/CMakeTmp

Run Build Command(s):/usr/bin/make cmTC_d2b4b/fast && /usr/bin/make -f CMakeFiles/cmTC_d2b4b.dir/build.make CMakeFiles/cmTC_d2b4b.dir/build
make[1]: Entering directory '/home/chris/files/cpp/sdl2_reference/build/CMakeFiles/CMakeTmp'
Building C object CMakeFiles/cmTC_d2b4b.dir/src.c.o
/usr/bin/cc   -g -O3 -idirafter "/home/chris/files/cpp/sdl2_reference/vendor/sdl/src/video/khronos" -DHAVE_VIDEO_VIVANTE_VDK   -o CMakeFiles/cmTC_d2b4b.dir/src.c.o   -c /home/chris/files/cpp/sdl2_reference/build/CMakeFiles/CMakeTmp/src.c
/home/chris/files/cpp/sdl2_reference/build/CMakeFiles/CMakeTmp/src.c:2:18: fatal error: gc_vdk.h: No such file or directory
    2 |         #include <gc_vdk.h>
      |                  ^~~~~~~~~~
compilation terminated.
make[1]: *** [CMakeFiles/cmTC_d2b4b.dir/build.make:66: CMakeFiles/cmTC_d2b4b.dir/src.c.o] Error 1
make[1]: Leaving directory '/home/chris/files/cpp/sdl2_reference/build/CMakeFiles/CMakeTmp'
make: *** [Makefile:121: cmTC_d2b4b/fast] Error 2


Source file was:

        #include <gc_vdk.h>
        int main(int argc, char** argv) {}
Performing C SOURCE FILE Test HAVE_VIDEO_VIVANTE_EGL_FB failed with the following output:
Change Dir: /home/chris/files/cpp/sdl2_reference/build/CMakeFiles/CMakeTmp

Run Build Command(s):/usr/bin/make cmTC_faa6c/fast && /usr/bin/make -f CMakeFiles/cmTC_faa6c.dir/build.make CMakeFiles/cmTC_faa6c.dir/build
make[1]: Entering directory '/home/chris/files/cpp/sdl2_reference/build/CMakeFiles/CMakeTmp'
Building C object CMakeFiles/cmTC_faa6c.dir/src.c.o
/usr/bin/cc   -g -O3 -idirafter "/home/chris/files/cpp/sdl2_reference/vendor/sdl/src/video/khronos" -DHAVE_VIDEO_VIVANTE_EGL_FB   -o CMakeFiles/cmTC_faa6c.dir/src.c.o   -c /home/chris/files/cpp/sdl2_reference/build/CMakeFiles/CMakeTmp/src.c
/home/chris/files/cpp/sdl2_reference/build/CMakeFiles/CMakeTmp/src.c:4:18: fatal error: EGL/eglvivante.h: No such file or directory
    4 |         #include <EGL/eglvivante.h>
      |                  ^~~~~~~~~~~~~~~~~~
compilation terminated.
make[1]: *** [CMakeFiles/cmTC_faa6c.dir/build.make:66: CMakeFiles/cmTC_faa6c.dir/src.c.o] Error 1
make[1]: Leaving directory '/home/chris/files/cpp/sdl2_reference/build/CMakeFiles/CMakeTmp'
make: *** [Makefile:121: cmTC_faa6c/fast] Error 2


Source file was:

        #define LINUX
        #define EGL_API_FB
        #include <EGL/eglvivante.h>
        int main(int argc, char** argv) {}
Determining if files pthread_np.h exist failed with the following output:
Change Dir: /home/chris/files/cpp/sdl2_reference/build/CMakeFiles/CMakeTmp

Run Build Command(s):/usr/bin/make cmTC_14ca4/fast && /usr/bin/make -f CMakeFiles/cmTC_14ca4.dir/build.make CMakeFiles/cmTC_14ca4.dir/build
make[1]: Entering directory '/home/chris/files/cpp/sdl2_reference/build/CMakeFiles/CMakeTmp'
Building C object CMakeFiles/cmTC_14ca4.dir/HAVE_PTHREAD_NP_H.c.o
/usr/bin/cc   -g -O3 -idirafter "/home/chris/files/cpp/sdl2_reference/vendor/sdl/src/video/khronos"   -D_REENTRANT -pthread   -o CMakeFiles/cmTC_14ca4.dir/HAVE_PTHREAD_NP_H.c.o   -c /home/chris/files/cpp/sdl2_reference/build/CMakeFiles/CheckIncludeFiles/HAVE_PTHREAD_NP_H.c
/home/chris/files/cpp/sdl2_reference/build/CMakeFiles/CheckIncludeFiles/HAVE_PTHREAD_NP_H.c:2:10: fatal error: pthread_np.h: No such file or directory
    2 | #include <pthread_np.h>
      |          ^~~~~~~~~~~~~~
compilation terminated.
make[1]: *** [CMakeFiles/cmTC_14ca4.dir/build.make:66: CMakeFiles/cmTC_14ca4.dir/HAVE_PTHREAD_NP_H.c.o] Error 1
make[1]: Leaving directory '/home/chris/files/cpp/sdl2_reference/build/CMakeFiles/CMakeTmp'
make: *** [Makefile:121: cmTC_14ca4/fast] Error 2


Source:
/* */
#include <pthread_np.h>


int main(void){return 0;}

Determining if the pthread_setname_np exist failed with the following output:
Change Dir: /home/chris/files/cpp/sdl2_reference/build/CMakeFiles/CMakeTmp

Run Build Command(s):/usr/bin/make cmTC_f2d49/fast && /usr/bin/make -f CMakeFiles/cmTC_f2d49.dir/build.make CMakeFiles/cmTC_f2d49.dir/build
make[1]: Entering directory '/home/chris/files/cpp/sdl2_reference/build/CMakeFiles/CMakeTmp'
Building C object CMakeFiles/cmTC_f2d49.dir/CheckSymbolExists.c.o
/usr/bin/cc   -g -O3 -idirafter "/home/chris/files/cpp/sdl2_reference/vendor/sdl/src/video/khronos"   -D_REENTRANT -pthread   -o CMakeFiles/cmTC_f2d49.dir/CheckSymbolExists.c.o   -c /home/chris/files/cpp/sdl2_reference/build/CMakeFiles/CMakeTmp/CheckSymbolExists.c
/home/chris/files/cpp/sdl2_reference/build/CMakeFiles/CMakeTmp/CheckSymbolExists.c: In function ‘main’:
/home/chris/files/cpp/sdl2_reference/build/CMakeFiles/CMakeTmp/CheckSymbolExists.c:8:19: error: ‘pthread_setname_np’ undeclared (first use in this function); did you mean ‘pthread_setcanceltype’?
    8 |   return ((int*)(&pthread_setname_np))[argc];
      |                   ^~~~~~~~~~~~~~~~~~
      |                   pthread_setcanceltype
/home/chris/files/cpp/sdl2_reference/build/CMakeFiles/CMakeTmp/CheckSymbolExists.c:8:19: note: each undeclared identifier is reported only once for each function it appears in
make[1]: *** [CMakeFiles/cmTC_f2d49.dir/build.make:66: CMakeFiles/cmTC_f2d49.dir/CheckSymbolExists.c.o] Error 1
make[1]: Leaving directory '/home/chris/files/cpp/sdl2_reference/build/CMakeFiles/CMakeTmp'
make: *** [Makefile:121: cmTC_f2d49/fast] Error 2


File /home/chris/files/cpp/sdl2_reference/build/CMakeFiles/CMakeTmp/CheckSymbolExists.c:
/* */
#include <pthread.h>

int main(int argc, char** argv)
{
  (void)argv;
#ifndef pthread_setname_np
  return ((int*)(&pthread_setname_np))[argc];
#else
  (void)argc;
  return 0;
#endif
}
Performing C SOURCE FILE Test HAVE_SOLARIS_LD_VERSION_SCRIPT failed with the following output:
Change Dir: /home/chris/files/cpp/sdl2_reference/build/CMakeFiles/CMakeTmp

Run Build Command(s):/usr/bin/make cmTC_db8da/fast && /usr/bin/make -f CMakeFiles/cmTC_db8da.dir/build.make CMakeFiles/cmTC_db8da.dir/build
make[1]: Entering directory '/home/chris/files/cpp/sdl2_reference/build/CMakeFiles/CMakeTmp'
Building C object CMakeFiles/cmTC_db8da.dir/src.c.o
/usr/bin/cc   -DHAVE_SOLARIS_LD_VERSION_SCRIPT -Wl,-M -Wl,/home/chris/files/cpp/sdl2_reference/build/vendor/sdl_image/external/libpng-1.6.37/conftest.map   -o CMakeFiles/cmTC_db8da.dir/src.c.o   -c /home/chris/files/cpp/sdl2_reference/build/CMakeFiles/CMakeTmp/src.c
Linking C executable cmTC_db8da
/usr/bin/cmake -E cmake_link_script CMakeFiles/cmTC_db8da.dir/link.txt --verbose=1
/usr/bin/cc  -DHAVE_SOLARIS_LD_VERSION_SCRIPT -Wl,-M -Wl,/home/chris/files/cpp/sdl2_reference/build/vendor/sdl_image/external/libpng-1.6.37/conftest.map    -rdynamic CMakeFiles/cmTC_db8da.dir/src.c.o  -o cmTC_db8da 
/usr/bin/ld:/home/chris/files/cpp/sdl2_reference/build/vendor/sdl_image/external/libpng-1.6.37/conftest.map: file format not recognized; treating as linker script
/usr/bin/ld:/home/chris/files/cpp/sdl2_reference/build/vendor/sdl_image/external/libpng-1.6.37/conftest.map:1: syntax error
collect2: error: ld returned 1 exit status
make[1]: *** [CMakeFiles/cmTC_db8da.dir/build.make:87: cmTC_db8da] Error 1
make[1]: Leaving directory '/home/chris/files/cpp/sdl2_reference/build/CMakeFiles/CMakeTmp'
make: *** [Makefile:121: cmTC_db8da/fast] Error 2


Source file was:
void sym(void) {}
void sym2(void) {}
int main(void) {return 0;}

Performing C SOURCE FILE Test CMAKE_HAVE_LIBC_PTHREAD failed with the following output:
Change Dir: /home/chris/files/cpp/sdl2_reference/build/CMakeFiles/CMakeTmp

Run Build Command(s):/usr/bin/make cmTC_0bcd9/fast && /usr/bin/make -f CMakeFiles/cmTC_0bcd9.dir/build.make CMakeFiles/cmTC_0bcd9.dir/build
make[1]: Entering directory '/home/chris/files/cpp/sdl2_reference/build/CMakeFiles/CMakeTmp'
Building C object CMakeFiles/cmTC_0bcd9.dir/src.c.o
/usr/bin/cc   -DCMAKE_HAVE_LIBC_PTHREAD   -o CMakeFiles/cmTC_0bcd9.dir/src.c.o   -c /home/chris/files/cpp/sdl2_reference/build/CMakeFiles/CMakeTmp/src.c
Linking C executable cmTC_0bcd9
/usr/bin/cmake -E cmake_link_script CMakeFiles/cmTC_0bcd9.dir/link.txt --verbose=1
/usr/bin/cc  -DCMAKE_HAVE_LIBC_PTHREAD    CMakeFiles/cmTC_0bcd9.dir/src.c.o  -o cmTC_0bcd9 
/usr/bin/ld: CMakeFiles/cmTC_0bcd9.dir/src.c.o: in function `main':
src.c:(.text+0x46): undefined reference to `pthread_create'
/usr/bin/ld: src.c:(.text+0x52): undefined reference to `pthread_detach'
/usr/bin/ld: src.c:(.text+0x63): undefined reference to `pthread_join'
collect2: error: ld returned 1 exit status
make[1]: *** [CMakeFiles/cmTC_0bcd9.dir/build.make:87: cmTC_0bcd9] Error 1
make[1]: Leaving directory '/home/chris/files/cpp/sdl2_reference/build/CMakeFiles/CMakeTmp'
make: *** [Makefile:121: cmTC_0bcd9/fast] Error 2


Source file was:
#include <pthread.h>

void* test_func(void* data)
{
  return data;
}

int main(void)
{
  pthread_t thread;
  pthread_create(&thread, NULL, test_func, NULL);
  pthread_detach(thread);
  pthread_join(thread, NULL);
  pthread_atfork(NULL, NULL, NULL);
  pthread_exit(NULL);

  return 0;
}

Determining if the function pthread_create exists in the pthreads failed with the following output:
Change Dir: /home/chris/files/cpp/sdl2_reference/build/CMakeFiles/CMakeTmp

Run Build Command(s):/usr/bin/make cmTC_650b2/fast && /usr/bin/make -f CMakeFiles/cmTC_650b2.dir/build.make CMakeFiles/cmTC_650b2.dir/build
make[1]: Entering directory '/home/chris/files/cpp/sdl2_reference/build/CMakeFiles/CMakeTmp'
Building C object CMakeFiles/cmTC_650b2.dir/CheckFunctionExists.c.o
/usr/bin/cc   -DCHECK_FUNCTION_EXISTS=pthread_create   -o CMakeFiles/cmTC_650b2.dir/CheckFunctionExists.c.o   -c /usr/share/cmake-3.16/Modules/CheckFunctionExists.c
Linking C executable cmTC_650b2
/usr/bin/cmake -E cmake_link_script CMakeFiles/cmTC_650b2.dir/link.txt --verbose=1
/usr/bin/cc  -DCHECK_FUNCTION_EXISTS=pthread_create    CMakeFiles/cmTC_650b2.dir/CheckFunctionExists.c.o  -o cmTC_650b2  -lpthreads 
/usr/bin/ld: cannot find -lpthreads
collect2: error: ld returned 1 exit status
make[1]: *** [CMakeFiles/cmTC_650b2.dir/build.make:87: cmTC_650b2] Error 1
make[1]: Leaving directory '/home/chris/files/cpp/sdl2_reference/build/CMakeFiles/CMakeTmp'
make: *** [Makefile:121: cmTC_650b2/fast] Error 2



